-------------------------------------------------------------------------------
Test set: com.epam.controller.LoginControllerTest
-------------------------------------------------------------------------------
Tests run: 1, Failures: 0, Errors: 1, Skipped: 0, Time elapsed: 1.459 s <<< FAILURE! - in com.epam.controller.LoginControllerTest
testGetAllUser  Time elapsed: 0.013 s  <<< ERROR!
java.lang.IllegalStateException: Failed to load ApplicationContext
Caused by: org.springframework.beans.factory.BeanDefinitionStoreException: Failed to parse configuration class [com.epam.UserAuthenticationApplication]; nested exception is java.io.FileNotFoundException: Could not open ServletContext resource [/classpath/application.properties]
Caused by: java.io.FileNotFoundException: Could not open ServletContext resource [/classpath/application.properties]

